<?xml version="1.0" encoding="UTF-8"?>
<!-- Generated by org.testng.reporters.JUnitReportReporter -->
<testsuite hostname="LAPTOP-O8PBM4OO" failures="0" tests="3" name="com.mytest.service.Testmethods" time="0.010" errors="0" timestamp="2022-02-08T01:32:09 IST" skipped="1">
  <testcase classname="com.mytest.service.Testmethods" name="launchBrowser" time="0.008"/>
  <system-out/>
  <testcase classname="com.mytest.service.Testmethods" name="openURL" time="0.002"/>
  <system-out/>
  <testcase classname="com.mytest.service.Testmethods" name="closeBrowser">
    <skipped/>
  </testcase> <!-- closeBrowser -->
  <system-out/>
</testsuite> <!-- com.mytest.service.Testmethods -->
