<?xml version="1.0" encoding="UTF-8"?>
<!-- Generated by org.testng.reporters.JUnitReportReporter -->
<testsuite hostname="LAPTOP-O8PBM4OO" failures="0" tests="1" name="com.mytest.service.MyserviceTest" time="0.010" errors="0" timestamp="2022-01-25T17:06:27 IST" skipped="0">
  <testcase classname="com.mytest.service.MyserviceTest" name="f" time="0.010"/>
  <system-out/>
</testsuite> <!-- com.mytest.service.MyserviceTest -->
